Nazwisko	2000	2001	2002	2003	2004	2005	2006	2007	2008	2009	2010	2011	2012	2013	2014	2015	2016	2017	2018	2019	2020
AdBa	-	-	62	70	84	91	91	94	-	98	90	72	72	69	74	74	-	-	-	-	-
AdBazsy	-	-	-	-	-	-	-	-	-	-	-	-	-	-	45	45	46	59	-	-	-
AdGó	-	-	-	-	-	94	94	63	50	51	49	46	86	86	80	71	71	69	85	95	93
AdKe	-	-	-	-	-	-	-	-	-	-	-	-	-	-	-	-	-	-	-	95	94
AdKr	-	-	-	-	-	-	-	-	-	-	-	-	-	-	-	-	-	-	63	63	58
AdRu	-	85	-	-	140	-	-	-	-	-	-	-	-	-	-	-	-	-	-	-	-
AdWo	-	-	-	-	132	-	-	-	-	-	-	-	-	-	-	-	-	-	-	-	-
AdiDaKe	-	-	-	-	111	106	106	-	-	-	-	-	-	-	-	-	-	-	-	-	-
AdiJeKr	25	34	17	19	19	21	21	24	29	41	28	30	34	34	30	35	35	39	22	-	-
AdiMiPl	-	-	-	-	-	-	-	-	-	-	-	-	-	-	-	-	-	56	48	-	68
AdiPiRą	-	-	-	-	-	-	88	96	91	88	85	41	41	24	36	36	-	-	-	-	-
AgWe	-	-	-	-	-	-	-	-	-	-	-	93	93	88	97	97	92	100	-	-	-
AlGu	2	2	2	2	4	3	3	5	7	9	12	12	-	-	-	-	-	-	-	-	-
AlLe	15	37	75	-	125	144	144	-	-	-	-	-	-	-	-	-	-	-	-	-	-
AlWe	-	-	-	-	-	-	-	-	-	-	-	-	-	-	-	-	-	-	31	68	64
AlWezdz	-	-	-	-	-	-	-	-	-	-	-	24	24	19	22	22	24	27	-	-	-
AnAd	88	91	-	-	-	-	-	-	-	-	-	-	-	-	-	-	-	-	-	-	-
AnCi	72	66	55	53	64	68	68	68	68	71	-	-	-	-	-	-	-	-	-	-	-
AnCz	-	-	-	-	-	-	-	51	-	74	61	-	-	-	-	-	-	-	-	-	-
AnGł	-	-	-	-	146	-	-	-	-	-	-	-	-	-	-	-	-	-	-	-	-
AnKa	88	91	-	-	-	-	-	-	-	-	-	-	-	-	-	-	-	-	-	-	-
AnKo	85	69	-	-	-	-	-	-	-	-	-	-	-	-	-	-	-	-	-	-	-
AnMi	-	-	-	-	-	-	-	-	-	-	-	-	-	-	-	-	-	98	-	-	-
AnOl	-	-	-	-	-	-	-	-	-	-	-	99	99	-	92	92	78	84	97	-	-
AnPa	35	23	-	-	-	-	-	-	-	-	-	-	-	-	-	-	-	-	-	-	-
AnPo	-	-	-	-	-	-	-	-	-	-	-	-	-	-	-	-	40	47	50	49	46
AnPozro	19	16	23	27	28	27	27	27	32	43	39	31	39	39	37	38	38	-	-	-	-
AnPt	-	-	-	-	-	-	-	-	-	-	-	10	10	70	11	11	6	9	9	10	16
AnRa	54	67	73	95	117	120	120	-	-	-	-	-	-	-	-	-	-	-	-	-	-
AnRy	77	-	-	-	-	-	-	-	-	-	-	-	-	-	-	-	-	-	-	-	-
AnSt	-	-	-	-	83	96	96	79	41	-	-	-	-	-	-	-	-	-	-	-	-
AnSz	-	-	-	-	-	-	-	52	50	37	44	95	95	86	99	99	96	-	-	-	-
AnWa	13	35	14	21	27	30	30	35	44	55	56	54	52	52	46	51	51	45	55	49	92
AnWi	-	-	-	-	-	-	-	-	-	-	-	-	-	-	-	-	-	-	-	45	25
AniIwPr	43	-	-	-	81	103	103	-	-	-	-	-	-	-	-	-	-	-	-	-	-
AniLePi	79	78	-	-	-	-	-	-	-	-	-	-	-	-	-	-	-	-	-	-	-
AniRoLe	-	-	-	-	-	-	-	-	-	-	-	-	-	-	-	-	-	-	-	-	80
AniZbGa	78	70	87	47	48	46	46	-	-	-	-	-	-	-	-	-	-	-	-	-	-
AniZyOl	21	11	65	14	14	36	36	33	38	45	67	40	38	38	35	41	41	63	31	27	27
AnŁo	-	-	-	-	142	-	-	-	-	-	-	-	-	-	-	-	-	-	-	-	-
ArGa	98	-	-	-	-	-	-	-	-	-	-	-	-	-	-	-	-	-	-	-	-
ArKł	-	-	-	-	105	110	110	-	-	-	-	-	-	-	-	-	-	-	-	-	-
ArMu	-	-	57	52	61	63	63	58	76	79	58	27	27	28	26	26	26	62	31	16	15
ArPe	-	-	-	-	-	-	-	-	-	-	-	-	-	-	-	-	-	-	-	-	71
ArTo	-	-	-	-	-	-	-	62	68	46	41	33	33	29	34	34	79	88	-	-	-
BaIn	-	-	-	-	-	-	-	-	-	-	-	-	-	-	-	-	-	-	79	88	91
BaKazro	-	-	-	-	-	-	-	-	-	-	-	-	-	-	-	-	-	-	-	30	-
BaUrMa	-	-	-	-	-	99	99	-	-	-	-	-	-	-	-	-	-	-	-	-	-
BeiWłOs	-	-	-	-	-	-	-	-	-	-	-	-	-	-	-	-	95	-	-	-	-
BoCu	12	31	6	7	8	11	11	8	6	5	14	15	31	31	26	31	31	28	10	-	-
BoDu-Jazro	-	-	-	-	56	69	69	89	-	-	-	-	-	-	-	-	-	-	-	-	-
BoFo	30	27	44	40	47	44	44	46	65	-	-	-	-	-	-	-	-	-	-	-	-
BoKa	-	-	-	-	130	130	130	97	26	18	15	17	-	23	-	-	-	-	-	-	-
BoKo	52	80	-	-	141	-	-	-	-	-	-	-	-	-	-	-	-	-	-	-	-
BoKr	-	-	-	-	148	-	-	-	-	-	-	-	-	-	-	-	-	-	-	-	-
BoSzzro	-	-	-	-	129	124	124	100	100	83	74	71	71	77	73	73	60	70	82	59	-
BoWi	-	-	-	-	150	-	-	-	-	-	-	-	-	-	-	-	-	-	-	-	-
BoWyzżo	-	-	-	-	-	-	96	94	97	89	78	90	90	92	96	96	93	-	-	-	-
BoiElKa	-	-	-	-	-	-	-	-	-	-	-	-	-	-	-	-	-	-	9	16	-
CeSz	-	-	-	100	94	118	118	-	-	-	-	-	-	-	-	-	-	-	-	-	-
DaBo	-	96	-	-	-	-	-	-	-	-	-	-	-	-	-	-	-	-	-	-	-
DaDą	-	-	-	-	-	-	-	-	-	-	-	-	-	-	-	-	-	-	96	-	-
DaKe	-	-	-	-	-	-	-	-	-	-	-	-	-	-	-	-	-	-	-	95	94
DaMi	-	-	-	-	60	72	72	26	20	25	11	9	8	8	8	4	4	4	4	8	11
DaOszro	-	-	-	-	-	-	-	-	-	-	-	-	-	-	-	-	-	-	-	71	66
DaSo	62	52	38	-	-	-	-	-	-	-	-	-	-	-	-	-	-	-	-	-	-
DaWo	83	92	71	54	75	-	-	-	-	90	75	-	-	89	-	-	-	-	-	-	-
DaiKaMz	-	-	-	-	-	-	-	-	-	-	-	-	-	-	-	-	61	-	-	-	-
DoKu	-	-	-	-	-	-	-	-	-	-	-	-	-	-	-	-	-	-	3	3	5
DoZa	63	-	-	-	-	-	-	-	-	-	-	-	-	-	-	-	-	-	-	-	-
DoiSeKu	-	-	-	-	-	-	-	-	-	-	-	-	-	-	-	-	1	1	-	-	-
DoiWoSo	-	-	-	-	-	-	-	-	-	-	-	-	-	-	-	-	-	76	76	58	-
EdŁu	-	-	-	-	-	-	-	-	-	-	-	49	49	-	49	49	50	57	48	94	96
EliBoKa	-	-	-	-	-	-	-	-	-	-	-	-	-	-	-	-	-	6	-	-	-
EliJaFi	-	-	-	-	-	-	-	-	-	-	-	-	-	-	-	-	-	52	-	-	-
EliJaTa	-	-	-	76	89	100	100	-	-	-	-	-	-	-	-	-	-	-	-	-	-
EliToCh	56	-	-	-	-	-	-	-	-	-	-	-	-	-	-	-	-	-	-	-	-
EwiRyLe	-	-	-	-	-	-	-	-	-	-	-	-	-	-	-	-	-	69	-	-	87
EwŻu	50	55	-	-	-	-	-	-	-	-	-	-	-	-	-	-	-	-	-	-	-
FrJo	-	-	76	87	109	-	-	-	-	-	-	-	-	-	-	-	-	-	-	-	-
GeEf	-	-	-	-	-	-	-	-	-	-	-	7	7	4	8	8	-	-	-	-	-
GrAn	55	39	81	90	54	67	67	-	-	-	-	-	-	-	-	-	-	-	-	-	-
GrDz	-	-	-	71	74	93	93	-	-	-	95	-	-	95	100	100	-	-	-	-	-
GrGr	13	35	15	17	24	28	28	34	42	53	55	53	46	46	51	43	43	41	49	34	72
GrJa	-	-	-	15	12	8	8	11	10	10	6	5	5	-	6	6	-	-	-	-	-
GrKi	-	-	-	-	-	-	-	99	-	-	-	-	-	-	-	-	-	-	-	-	-
GrKu	-	-	-	-	-	-	-	12	46	29	19	11	11	9	10	10	11	19	18	23	24
GrSt	-	-	-	-	-	-	-	-	-	-	-	-	-	-	-	-	85	93	-	-	-
GriBoWi	-	-	-	-	-	-	-	-	-	-	-	-	-	-	-	-	71	-	-	-	-
GriRoKa	-	-	-	-	-	-	-	-	-	-	-	-	-	-	-	-	-	11	-	-	-
GrĆw	-	-	-	-	-	-	-	-	-	-	-	-	-	-	-	-	-	-	65	52	49
HeKa	-	-	86	88	110	147	147	-	-	-	-	-	-	-	-	-	-	-	-	-	-
HeKu	92	99	-	-	-	-	-	-	-	-	-	-	-	-	-	-	-	-	-	-	-
HeRu	-	-	-	-	-	-	-	-	-	26	-	25	25	16	23	23	25	25	30	27	-
HeSt	33	24	19	20	21	15	15	18	33	39	32	21	22	20	21	21	17	22	22	25	26
HeiPaKo	-	-	-	-	-	-	-	-	-	-	-	-	-	-	90	90	97	-	-	-	-
HeŁu	-	-	94	-	136	149	149	-	-	-	-	-	-	-	-	-	-	-	-	-	-
IgKl	-	-	-	-	-	-	-	-	-	-	-	-	-	-	-	-	-	-	-	88	84
IgPe	59	36	39	43	50	57	57	-	-	-	-	-	-	-	-	-	-	-	-	-	-
IrEr	-	-	-	-	-	-	-	-	-	-	-	-	-	-	-	-	-	-	72	70	67
IrEriHeOr	-	93	67	59	77	87	87	85	97	83	70	62	63	63	68	69	69	59	72	-	-
IwiWaKu	-	-	-	-	-	-	-	-	-	-	-	-	-	94	-	-	-	-	-	-	-
JaBi	71	-	-	-	-	-	-	-	-	-	-	-	-	-	-	-	-	-	-	-	-
JaCi	-	-	-	-	-	-	-	-	-	-	-	-	-	-	-	-	-	-	-	-	69
JaDo	-	-	-	-	-	-	-	15	17	34	-	-	-	-	-	-	-	-	-	-	-
JaDr	-	-	-	-	-	-	-	-	-	-	-	-	-	-	-	-	-	-	-	86	88
JaFu	-	-	-	-	-	-	-	-	-	-	-	-	-	-	-	-	-	-	55	65	60
JaGo	69	73	-	91	-	-	-	-	-	-	-	-	-	-	-	-	-	-	-	-	-
JaKa	32	54	-	-	-	-	-	-	-	-	-	-	-	-	-	-	-	-	-	-	-
JaKi	84	86	-	-	-	-	-	-	-	-	-	-	-	-	-	-	-	-	-	-	-
JaKozro	-	-	-	-	-	71	71	51	48	47	82	45	-	82	-	-	-	-	-	-	-
JaKu	1	1	1	1	1	1	1	1	13	1	1	1	1	1	1	1	1	-	-	-	-
JaLu	-	-	-	-	-	-	-	-	-	-	-	-	-	-	-	-	-	-	-	100	-
JaLuLa	-	-	-	-	-	-	-	-	-	-	-	-	-	-	-	-	98	-	-	-	-
JaMy	76	100	-	-	-	-	-	-	-	-	-	-	-	-	-	-	-	-	-	-	-
JaPa	-	-	-	-	-	-	-	-	23	13	10	17	17	13	15	15	12	21	20	22	-
JaRu	17	21	12	58	62	95	95	-	-	-	92	87	87	91	77	77	62	78	-	-	-
JaSa	54	67	60	96	118	125	125	-	-	-	-	77	77	74	-	-	-	-	-	74	72
JaSt	36	33	-	-	88	141	141	-	-	-	-	-	-	-	-	-	-	-	-	-	-
JaSz	-	-	-	-	-	-	-	79	-	-	-	-	-	-	-	-	-	-	-	-	-
JaUr	-	-	-	-	-	136	136	-	-	-	-	-	-	-	-	-	-	-	-	-	-
JaWa	-	-	-	-	-	150	150	-	-	-	-	-	-	-	-	-	-	-	-	-	-
JaWr	-	-	-	-	-	-	-	-	-	-	-	-	-	-	-	-	-	75	91	79	-
JaZa	100	79	83	92	133	-	-	-	-	-	-	-	-	-	-	-	-	-	-	-	-
JaiElFi	23	87	56	61	63	42	42	62	36	37	59	55	51	51	45	48	48	-	73	61	52
JaiWoSt	60	62	58	68	-	-	-	-	-	-	-	-	-	-	-	-	-	-	-	-	-
JeGr	-	-	-	-	108	102	102	-	-	-	-	-	-	-	-	-	-	-	-	-	-
JeHuGi	40	41	-	-	-	-	-	-	-	-	-	-	-	-	-	-	-	-	-	-	-
JeKa	-	-	-	-	-	-	-	69	72	53	-	65	65	59	64	64	30	31	34	33	30
JeKr	65	47	-	-	-	-	-	-	-	-	-	-	-	-	-	-	-	-	-	-	-
JeLu	-	-	-	83	72	52	52	45	64	24	42	-	-	-	-	-	-	-	-	-	-
JeMa	-	99	-	-	120	-	86	49	65	92	89	89	89	87	87	87	84	-	-	-	-
JeMi	-	40	-	-	-	-	-	-	-	-	-	-	-	-	-	-	-	-	-	-	-
JeSt	9	4	10	10	11	14	14	14	21	19	10	6	9	9	7	9	9	7	5	6	6
JeSz	47	59	54	-	-	-	-	-	-	-	-	-	-	-	-	-	-	-	-	-	-
JeUr	-	-	-	77	98	133	133	-	-	-	-	-	-	-	-	-	-	-	-	-	-
JeWi	-	-	-	-	-	-	-	-	-	-	-	-	-	-	-	-	-	61	-	-	-
JeWizżo	-	-	-	-	-	45	45	23	23	22	16	32	-	-	-	-	-	-	-	-	-
JoiDaOs	-	-	-	-	-	-	-	-	-	-	-	-	-	-	-	-	91	-	-	-	-
JoiWiPo	-	71	-	-	-	-	-	-	-	-	-	-	-	-	-	-	-	-	-	-	-
JóBi	-	-	-	75	79	108	108	-	-	-	98	-	-	-	-	-	-	-	-	-	-
JóKa	-	-	-	-	-	129	129	-	-	-	-	-	-	-	-	-	-	-	-	-	-
JóSz	-	-	-	-	-	-	-	74	76	64	83	69	69	63	68	68	34	31	34	33	30
JóWi	-	-	-	-	-	-	-	-	-	-	-	-	-	-	91	91	47	39	74	60	56
JóWo	-	26	45	57	53	59	59	48	14	15	43	14	29	29	31	33	33	37	62	-	-
JóiMaKo	-	-	-	45	37	41	41	42	24	28	18	18	91	91	64	85	85	67	-	-	-
JęWi	-	-	-	-	139	-	-	-	-	-	-	-	-	-	-	-	-	-	-	-	-
KaHe	-	-	-	-	-	140	140	-	-	-	97	97	97	78	89	89	76	81	98	-	63
KaMi	-	-	-	-	-	114	114	-	-	-	-	-	-	-	-	-	-	-	-	-	-
KaPa	-	-	-	-	80	65	65	81	71	85	51	50	35	35	71	37	37	36	41	-	-
KaWi	-	88	95	-	-	-	-	-	-	-	-	-	-	-	-	-	-	-	-	-	-
KaiArBł	-	-	-	-	-	-	-	-	-	-	-	-	-	-	-	-	-	-	-	-	85
KaiWiPo	-	-	-	-	-	-	59	91	90	72	-	-	-	-	-	-	-	-	-	-	-
KoPa	-	-	-	-	-	-	-	-	-	-	-	-	-	-	-	-	-	-	79	-	-
KrBo	-	-	-	-	-	-	-	-	-	-	-	-	-	-	-	-	89	68	68	91	-
KrDo	-	-	-	-	-	-	56	58	60	87	71	70	70	99	83	83	90	90	-	-	-
KrGr	-	-	-	-	-	32	32	37	54	58	54	48	55	55	48	59	59	58	57	54	56
KrJę	-	-	-	-	-	-	-	-	-	31	25	42	42	42	63	63	-	-	-	-	-
KrKl	39	38	31	22	18	19	19	21	35	36	22	27	18	18	18	18	18	13	51	53	50
KrKo	-	-	-	-	-	-	-	-	-	-	-	-	-	-	-	-	-	-	93	78	29
KrKozro	-	-	-	-	-	-	-	19	40	77	-	-	-	-	-	-	-	-	-	-	-
KrKr	-	56	-	-	-	-	-	-	-	-	-	-	-	-	-	-	-	-	-	-	-
KrMu	27	22	35	36	65	77	77	84	-	-	-	-	-	-	-	-	-	-	-	-	-
KrNi	44	32	18	23	20	22	22	36	53	54	50	49	-	-	-	-	-	-	-	-	-
KrOl	94	75	42	49	52	85	85	52	83	66	71	43	-	-	-	-	-	-	-	-	-
KrPa	-	-	-	-	-	109	109	70	73	61	80	66	66	60	65	65	31	31	34	33	30
KrPr	-	-	-	-	-	79	79	60	45	49	69	61	61	58	55	55	57	50	55	33	-
KrSu	-	-	-	-	-	-	-	-	-	-	-	40	40	38	39	39	35	40	47	44	41
KriArBa	-	-	-	-	143	-	-	-	-	-	-	-	-	-	-	-	-	-	-	-	-
KriSoOl	-	-	-	-	-	-	-	-	-	-	-	36	36	-	32	32	23	-	45	30	28
LeBo	-	-	-	-	-	-	-	-	-	-	-	-	-	-	47	47	65	30	27	51	48
LeCz	11	10	9	11	10	12	12	9	4	3	5	3	4	4	5	5	5	5	8	22	99
LeGa	-	-	-	-	-	-	-	-	-	-	-	81	81	75	72	72	67	80	77	-	-
LeGi	-	-	-	-	-	-	-	-	-	-	-	74	74	-	56	56	68	31	40	27	17
LeKo	-	-	-	-	-	-	-	-	-	-	-	-	-	-	-	-	-	-	88	-	-
LeSz	-	-	-	-	-	-	-	-	-	-	-	-	-	-	-	-	-	-	-	82	81
LeiKrJę	-	-	-	-	-	-	-	-	14	-	-	-	-	-	-	-	-	-	-	-	-
LuKu	-	-	-	-	-	-	-	-	-	-	-	-	-	-	-	-	-	97	92	-	-
LuOp	97	-	-	-	-	-	-	-	-	-	-	-	-	-	-	-	-	-	-	-	-
MaAn	88	91	-	-	-	-	-	-	-	-	-	-	-	-	-	-	-	-	-	-	-
MaBo	32	54	-	-	-	-	-	-	-	-	-	-	-	-	-	-	-	-	-	-	-
MaDe	-	-	-	-	-	-	-	-	-	-	-	-	-	-	-	-	75	-	-	-	99
MaFa	-	-	-	-	-	-	-	95	87	-	-	-	-	67	-	-	-	-	-	-	-
MaFo	49	9	-	-	-	-	-	-	-	-	-	84	84	-	75	75	64	65	-	-	-
MaGa	-	-	-	-	-	-	-	-	-	-	-	-	-	-	-	-	-	-	-	84	83
MaGlzro	-	-	-	-	-	101	101	-	-	-	-	-	-	-	-	-	-	-	-	-	-
MaGo	-	-	-	-	-	-	-	-	-	-	-	-	-	-	-	-	-	-	-	97	98
MaGr	32	54	-	-	-	-	-	-	-	-	-	-	-	-	-	-	-	-	-	-	-
MaIw	-	-	-	-	-	-	-	-	-	-	-	-	-	-	-	-	88	31	14	13	10
MaJa	-	-	-	-	-	-	-	-	-	-	-	-	-	-	-	-	-	-	-	82	81
MaJu	83	92	78	74	97	-	-	-	-	100	88	-	-	81	-	-	-	-	-	-	-
MaKa	70	48	47	41	38	40	40	22	57	63	-	-	-	-	-	-	-	-	-	-	-
MaKo	-	-	-	-	144	139	139	-	-	-	-	-	-	-	-	-	-	-	-	-	-
MaKr	-	-	-	-	-	35	35	40	55	67	60	-	-	-	-	-	-	-	-	-	-
MaKs	-	-	-	-	-	-	-	-	-	-	-	-	-	-	95	95	-	87	-	-	-
MaKw	-	-	-	26	29	16	16	17	17	21	35	-	-	-	-	-	-	-	-	-	-
MaMa	-	-	-	-	-	105	105	64	75	64	45	39	45	45	57	50	50	51	66	-	-
MaMi	31	8	8	5	5	6	6	7	9	8	4	4	-	-	-	-	-	-	-	-	-
MaNa	38	28	22	29	30	23	23	29	37	42	36	37	-	52	-	-	-	-	-	-	-
MaPa	-	-	-	-	-	-	-	-	-	-	-	-	-	-	-	-	-	-	79	-	-
MaPi	-	-	-	80	70	51	51	44	61	20	73	-	-	-	-	-	-	-	-	-	-
MaPo	-	-	-	-	-	-	-	-	-	-	-	-	-	-	-	-	-	-	-	-	36
MaPr	10	18	79	9	15	17	17	20	28	34	19	13	-	-	-	-	-	-	-	-	-
MaRo	-	-	-	-	102	89	89	-	-	-	-	-	-	-	-	-	-	-	-	-	-
MaRz	-	-	-	-	135	-	-	-	-	-	-	-	-	-	-	-	-	-	-	-	-
MaSt	-	-	-	-	-	-	-	-	29	85	52	-	-	-	-	-	-	-	-	-	-
MaWa	-	-	-	-	34	29	29	16	22	27	44	34	48	48	34	44	44	43	53	55	-
MaWi	-	-	-	-	-	-	-	-	-	-	-	-	-	-	-	-	-	27	40	33	37
MaiMaAd	-	-	-	-	-	-	-	-	-	-	-	-	-	-	-	-	14	22	22	23	-
MaĆw	-	-	-	-	-	-	-	-	-	-	-	-	-	-	-	-	-	-	65	52	49
MaŁu	62	52	37	33	36	-	-	-	-	-	-	-	-	40	-	-	-	-	-	-	-
MaŚw	20	15	20	24	26	24	24	31	39	35	25	28	23	23	21	40	40	-	-	-	-
MiCi	54	67	61	94	116	121	121	-	-	-	-	76	76	73	-	-	-	-	-	74	72
MiKi	-	-	-	-	-	-	-	-	-	-	-	-	-	-	-	-	83	42	17	15	11
MiKo	-	-	-	-	-	-	-	-	-	-	-	-	-	-	-	-	-	-	-	86	88
MiLa	-	98	-	-	-	-	-	-	-	-	-	-	-	-	-	-	-	-	-	-	-
MiPl	-	-	-	-	-	-	-	-	-	-	-	-	-	-	-	-	-	-	-	73	-
MiPlzro	-	-	-	-	-	-	-	-	-	-	-	-	-	65	-	-	-	-	-	-	-
MiSk	68	84	-	-	-	-	-	-	-	-	-	-	-	-	-	-	-	-	-	-	-
MiSo	6	7	7	8	6	4	4	3	1	4	7	5	3	3	3	3	3	3	3	1	1
MiiAdPl	-	-	-	-	-	-	-	-	-	-	-	64	64	-	57	57	-	-	75	-	-
NgTuTa	-	-	-	-	-	-	-	-	-	93	93	-	-	-	-	-	-	-	-	-	-
OlMa	-	60	36	63	59	64	64	83	-	-	-	-	-	-	-	-	-	-	-	-	-
OlMe	-	-	-	-	-	-	-	-	-	-	-	-	-	-	-	-	100	-	-	-	-
PaMa	-	-	-	-	-	-	-	-	-	-	-	-	-	-	-	-	-	-	-	8	9
PaOb	86	64	-	-	-	-	-	-	-	-	-	-	-	-	-	-	-	-	-	-	-
PaPr	-	-	-	-	-	-	-	-	-	-	-	-	-	-	-	-	-	92	-	-	75
PaRo	41	45	74	86	86	115	115	-	-	-	-	-	-	-	-	-	-	-	-	-	-
PaiMaSz	-	-	-	-	-	-	-	46	56	-	99	-	-	-	-	-	-	-	-	-	-
PiBi	-	60	28	48	33	34	34	55	-	-	-	-	-	-	-	-	-	-	-	-	-
PiBy	75	-	-	-	-	-	-	-	-	-	-	-	-	-	-	-	-	-	-	-	-
PiJa	-	-	-	-	-	-	-	-	-	-	-	-	-	-	-	-	-	-	-	-	86
PiJóBu	5	6	21	34	55	74	74	-	-	-	-	-	-	-	-	-	-	-	-	-	-
PiKl	-	-	-	78	93	116	116	-	-	-	-	-	-	-	-	-	-	-	-	-	-
PiKr	-	-	-	-	-	-	-	-	-	-	-	-	-	-	-	-	-	64	84	-	-
PiMi	89	89	-	-	-	-	-	-	-	-	-	-	-	-	-	-	-	-	-	-	-
PiNi	-	-	77	-	115	134	134	-	-	-	-	-	-	-	-	-	-	-	-	-	-
PiNo	-	-	-	-	-	-	-	-	-	-	-	94	94	-	-	-	-	-	-	-	-
PiRo	80	-	-	-	-	-	-	-	-	-	-	-	-	-	-	-	-	-	-	-	-
PiSm	76	82	-	-	-	-	-	-	-	-	-	-	-	-	-	-	-	-	-	-	-
PiSo	-	-	-	-	-	-	-	-	-	86	-	-	-	-	-	-	-	-	-	-	-
PiSz	-	-	-	-	-	-	-	-	-	-	-	-	-	-	-	-	-	7	5	7	3
PiVo	-	-	-	-	103	58	58	61	67	80	58	64	88	88	83	88	88	99	-	-	-
PiWi	-	97	96	-	-	-	-	-	-	-	-	-	-	-	-	-	-	-	-	-	-
PiiPaWo	-	-	-	-	92	97	97	67	85	81	84	70	-	-	-	-	-	-	-	-	-
PiŁu	80	-	-	-	-	-	-	-	-	-	-	-	-	-	-	-	-	-	-	-	-
PrGa	-	-	-	-	-	-	-	-	-	-	-	-	-	-	-	-	-	-	51	46	42
PrSz	-	-	-	-	-	25	25	28	30	26	20	36	-	-	-	-	-	-	-	-	-
PriRaKo	-	-	-	-	-	62	62	30	-	-	69	-	-	-	-	-	-	-	-	-	-
RaBr	-	-	-	-	-	-	-	-	-	-	-	54	54	41	93	93	-	-	-	-	-
RaWi	-	-	-	-	51	86	86	-	-	-	-	-	-	-	-	-	-	-	-	-	-
ReiToSz	-	-	-	-	-	-	-	-	-	-	-	-	-	-	-	-	-	-	-	47	45
RoBą	-	-	98	93	-	-	-	-	-	-	-	-	-	-	-	-	-	-	-	-	-
RoDaKo	-	-	-	-	-	-	-	-	-	-	-	-	-	-	-	-	-	-	-	-	65
RoJ.Śc	-	-	-	-	-	-	-	-	-	-	-	82	82	-	-	-	-	-	-	-	-
RoKa	-	-	51	67	69	76	76	75	89	84	95	84	32	32	32	-	-	-	-	-	-
RoKl	16	13	50	56	57	70	70	80	95	76	68	85	85	84	86	86	82	91	98	-	-
RoKo	-	-	-	-	-	-	-	-	-	-	-	-	-	-	-	-	-	-	62	69	-
RoLe	-	-	-	-	-	-	-	-	-	-	-	-	-	-	-	-	-	-	94	-	-
RoSo	-	-	-	-	-	-	92	-	-	-	-	-	-	-	-	-	-	-	-	-	-
RoSt	54	67	59	97	119	123	123	-	-	-	-	79	79	76	80	80	72	-	-	-	-
RoSz	-	-	91	-	-	-	-	-	-	-	-	-	-	-	-	-	-	-	-	-	-
RoWe	7	14	5	6	7	10	10	6	8	12	40	-	-	-	-	-	-	-	-	-	-
RoiAnLe	-	-	-	-	-	-	-	-	-	-	-	-	-	-	-	-	-	-	-	88	-
RoiGrKa	-	-	-	-	9	5	5	2	2	6	9	7	12	12	6	12	12	9	26	43	43
RoŚc	-	-	-	-	-	-	-	-	-	-	-	-	-	-	84	84	-	-	-	-	-
RuSk	46	53	70	72	82	-	-	-	-	-	-	-	-	-	-	-	-	-	-	-	-
RyFl	-	-	-	-	-	-	-	-	-	-	-	26	26	-	24	24	21	60	28	62	57
RyFlzro	-	56	27	35	40	37	37	38	34	44	41	38	-	25	-	-	-	-	-	-	-
RyKr	3	3	4	4	2	7	7	10	5	7	30	22	-	36	-	-	-	-	-	-	-
RyPi	73	68	-	81	95	104	104	69	93	-	-	-	-	-	-	-	-	-	-	-	-
RyVa	-	-	53	39	46	49	49	47	84	92	65	63	-	-	-	-	-	-	-	-	-
RyiEwLe	-	-	-	-	-	-	-	-	-	-	-	-	-	-	76	76	54	-	70	85	-
RyŚc	95	-	-	-	-	-	-	-	-	-	-	-	-	-	-	-	-	-	-	-	-
SeKu	-	-	-	-	-	-	-	-	-	-	-	-	-	-	-	-	-	-	3	3	6
SeMa	-	-	-	-	-	98	98	87	-	-	-	-	-	-	-	-	-	-	-	-	-
SeĆw	-	-	-	-	-	-	-	-	-	-	-	-	-	-	-	-	-	-	65	52	49
SoZa	14	20	29	32	35	38	38	43	25	32	33	33	-	-	-	-	-	-	-	-	-
SoiKrOl	-	-	-	-	-	-	-	-	-	-	-	-	-	-	-	-	-	48	-	-	-
StBi	-	-	-	-	-	-	-	-	-	-	-	43	43	55	27	27	20	45	-	-	-
StCi	13	35	16	18	23	39	39	72	-	-	-	-	-	-	-	-	-	-	-	-	-
StHa	-	-	-	-	85	75	75	73	88	94	99	67	60	60	56	62	62	53	71	71	-
StKu	-	-	-	-	-	-	-	-	88	97	-	-	-	-	-	-	-	-	-	-	-
StRo	-	-	-	-	-	132	132	-	-	-	86	-	-	-	-	-	-	-	-	-	-
StTy	91	72	48	89	90	119	119	99	-	-	-	-	-	-	-	-	-	-	-	-	-
SyCa	-	-	-	-	-	-	93	66	82	57	47	80	80	72	82	82	74	86	-	-	-
SzWr	-	-	-	-	-	-	-	-	-	-	-	-	-	-	-	-	-	-	-	79	-
SłRu	-	-	-	-	-	-	-	72	74	62	81	67	67	61	66	66	32	31	34	33	30
SłSm	-	-	-	16	13	9	9	12	11	11	3	6	6	-	7	7	-	-	-	-	-
TaBa	-	-	-	-	101	60	60	-	-	-	-	-	-	-	-	-	-	-	-	-	-
TaBr	93	-	-	-	-	-	-	-	-	-	-	-	-	-	-	-	-	-	-	-	-
TaCh	28	12	13	12	16	13	13	13	16	13	8	8	21	21	22	25	25	19	43	52	48
TaGo	-	-	-	-	-	82	82	77	87	-	-	-	-	-	-	-	-	-	-	-	-
TaKuzro	-	81	49	64	58	83	83	91	-	-	-	-	-	-	-	-	-	-	-	-	-
TaLi	22	30	25	13	17	18	18	19	-	-	-	-	-	-	-	-	-	-	-	-	-
TaNi	-	51	40	50	-	-	-	-	-	48	76	-	-	-	-	-	-	-	-	-	-
TaSe	-	-	-	-	-	92	92	76	-	-	-	-	-	-	-	-	-	-	-	-	-
TaWe	29	25	68	60	39	-	-	-	-	-	-	-	-	-	-	-	-	-	-	-	-
TaWi	58	43	69	65	67	53	53	53	56	59	-	-	-	-	-	-	-	-	-	-	-
TeMo	-	-	-	-	-	-	-	-	-	-	-	50	50	-	52	52	55	-	29	40	38
TeMozro	-	-	24	42	42	47	47	65	80	89	66	57	-	47	-	-	-	26	-	-	-
ToBi	-	-	-	-	-	-	-	-	-	-	-	-	-	-	-	-	-	13	7	5	2
ToCz	42	46	100	-	134	-	-	82	96	-	100	78	78	93	46	46	66	89	90	-	92
ToDo	-	-	-	-	-	-	-	-	-	-	-	15	15	10	-	-	-	-	13	16	35
ToDozro	-	-	-	-	-	-	-	-	-	-	-	-	-	-	20	20	18	12	-	-	-
ToFu	-	-	-	-	-	-	-	-	-	-	-	-	-	-	-	-	-	-	55	65	60
ToGo	89	-	-	-	-	-	-	-	-	-	-	-	-	-	-	-	-	-	-	-	-
ToGu	-	-	-	-	-	-	-	-	-	-	-	13	13	11	13	13	8	15	11	12	18
ToKo	-	97	97	-	126	146	146	-	-	-	-	-	-	-	-	-	-	-	-	-	-
ToKu	-	-	-	-	-	-	-	-	62	91	87	-	-	-	-	-	-	-	-	-	-
ToMi	-	-	-	-	-	117	117	-	-	-	-	-	-	-	-	-	-	-	-	-	-
ToMo	-	-	-	-	137	145	145	90	-	-	-	-	-	-	-	-	-	-	-	-	-
ToSi	24	61	90	99	87	127	127	-	-	-	-	-	-	-	-	-	-	-	-	-	-
ToZa	-	-	-	-	-	-	-	-	-	-	-	58	58	97	60	60	86	-	-	-	-
ToiDoKu	-	-	-	-	106	111	111	86	-	-	-	-	-	-	-	-	-	-	-	-	-
UrGr	-	-	-	-	124	107	107	-	-	-	-	-	-	-	-	-	-	-	-	-	-
UrSi	-	-	-	-	-	-	-	-	-	-	-	-	-	-	-	-	-	96	-	-	-
ViWe	-	-	-	-	-	-	-	-	-	-	-	92	92	-	98	98	94	94	-	-	-
WaJo	-	-	76	87	109	-	-	-	-	-	-	-	-	-	-	-	-	-	-	-	-
WaKi	-	-	-	-	-	-	-	-	57	27	35	-	-	-	-	-	-	-	-	-	-
WaRa	-	-	93	-	128	142	142	-	-	-	-	-	-	-	-	-	-	-	-	-	-
WaSz	-	-	-	-	-	-	-	-	-	-	-	-	-	-	-	-	-	-	-	81	-
WaWi	-	96	-	-	-	-	-	-	-	-	-	-	-	-	-	-	-	-	-	-	-
WiBi	66	57	-	-	-	-	-	-	-	-	-	-	-	-	-	-	-	-	-	-	-
WiCh	-	-	-	-	-	-	-	-	-	-	-	-	-	-	-	-	-	-	88	-	-
WiDu	-	-	-	79	-	-	-	-	-	-	-	-	-	-	-	-	-	-	-	-	-
WiHe	-	-	-	-	-	-	-	-	-	-	-	-	-	-	94	94	80	82	-	-	72
WiKo	-	-	-	-	131	128	128	98	-	-	-	-	-	-	-	-	-	-	-	-	-
WiLi	-	-	-	-	-	-	-	-	-	-	-	-	-	-	-	-	-	-	40	40	38
WiLizro	-	-	-	-	-	-	-	27	31	21	24	28	28	27	28	28	29	31	-	-	-
WiMa	48	-	-	-	-	-	-	-	-	-	-	-	-	-	-	-	-	-	-	-	-
WiOs	-	98	-	-	-	-	-	-	-	-	-	-	-	-	-	-	-	-	-	-	-
WiSa	96	-	-	-	-	-	-	-	-	-	-	-	-	-	-	-	-	-	-	-	-
WiTeHe	-	-	-	-	-	-	-	-	-	-	-	100	100	-	-	-	-	-	-	-	-
WiWi	90	95	72	82	71	78	78	78	-	-	-	-	-	-	-	-	-	-	-	-	-
WiWo	-	-	-	-	100	122	122	100	-	-	-	-	-	-	-	-	-	-	-	-	-
WiWł	-	-	-	73	91	135	135	-	-	-	-	56	56	44	53	53	49	53	55	-	-
WiZa	67	-	-	-	-	-	-	-	-	-	-	-	-	-	-	-	-	-	-	-	-
WiŻy	-	-	-	-	-	-	-	-	-	-	-	-	-	-	-	-	-	-	-	-	93
WoCi	82	-	-	-	-	-	-	-	-	-	-	-	-	-	-	-	-	-	-	-	-
WoFu	-	-	-	-	-	-	-	-	-	-	-	-	-	-	-	-	-	-	55	65	60
WoMo	-	-	-	84	99	138	138	-	-	-	-	-	-	-	-	-	-	-	-	-	-
WoMr	64	50	43	37	45	54	54	54	60	61	47	42	-	-	-	-	-	-	-	-	-
WoPl-Pl	87	76	82	85	96	88	88	66	77	78	52	56	96	96	53	-	-	-	-	-	-
WoRy	-	-	-	-	-	148	148	-	-	-	-	-	-	-	-	-	-	-	-	-	-
WoSz	-	-	-	-	138	-	-	-	-	-	-	-	-	-	-	-	-	-	-	-	-
WoWazżo	-	-	-	-	-	126	126	59	70	94	94	-	-	90	-	-	-	-	-	-	-
WoiDoSo	74	83	64	46	43	50	50	49	78	86	81	66	62	62	54	70	70	52	-	-	-
WoŚm	-	-	-	-	-	-	-	-	-	-	-	-	-	-	-	-	-	-	22	-	-
WłOw	39	38	41	-	121	-	-	-	-	-	-	-	-	-	-	-	-	-	-	-	-
WłWł	-	-	99	-	104	-	-	-	-	-	-	-	-	-	-	-	-	-	-	-	-
ZbBe	-	-	-	-	-	-	71	92	93	-	79	-	-	-	-	-	-	-	-	-	-
ZbGr	99	94	-	-	147	-	-	-	-	-	-	-	-	-	-	-	-	-	-	-	-
ZbJa	45	29	34	55	41	55	55	41	47	30	38	29	19	19	14	16	16	15	20	20	14
ZbJu	-	-	80	69	76	80	80	74	63	77	75	65	44	44	39	-	-	-	18	-	-
ZbJuzro	-	-	-	-	-	-	-	-	-	-	-	-	-	-	42	42	38	17	-	-	-
ZbKo	-	-	-	-	-	-	-	-	-	-	-	-	-	-	-	-	-	-	14	21	21
ZbKozro	26	49	30	28	32	33	33	39	40	33	23	23	16	16	15	17	17	16	16	-	-
ZbMo	18	17	-	-	-	-	-	-	-	-	-	-	-	-	-	-	-	-	-	-	-
ZbNi	8	19	11	30	25	26	26	25	43	48	24	20	14	14	12	14	14	10	17	16	20
ZbOp	-	-	-	-	-	-	-	-	52	68	59	-	-	-	-	-	-	-	-	-	-
ZbPr	61	58	52	44	-	-	-	-	-	-	-	-	-	-	-	-	-	-	-	-	-
ZbSozro	-	-	-	-	113	113	113	-	-	-	-	-	-	-	-	-	-	-	-	-	-
ZbWa	-	-	-	-	-	-	-	-	-	-	-	-	-	-	-	-	-	-	83	77	79
ZbWo	-	-	-	-	-	-	-	-	-	-	-	98	98	100	-	-	-	-	12	16	-
ZbiDaFi	-	-	-	-	-	-	-	-	-	-	-	-	-	-	-	-	-	-	69	-	-
ZbiMaJu	-	-	-	-	-	-	-	-	-	-	-	-	-	-	-	-	-	-	-	-	11
ZbiRySk	-	-	66	62	73	84	84	-	-	-	-	-	-	-	-	-	-	-	-	-	-
ZdKa	-	-	-	-	-	61	61	-	-	-	-	-	-	-	-	-	-	-	-	-	-
ZdSa	37	63	89	98	112	90	90	-	-	-	-	-	-	-	-	-	-	-	-	-	-
ZdSt	-	-	-	-	-	-	-	73	75	63	82	68	68	62	67	67	33	31	34	33	30
ZeDu	-	-	-	-	-	-	-	-	-	-	-	57	57	96	58	58	81	-	-	-	-
ZeSr	57	42	33	38	44	43	43	-	-	-	-	-	-	-	-	-	-	-	-	-	-
ZeZi	-	-	-	-	-	-	-	-	-	-	-	-	-	-	-	-	-	-	46	42	38
ZeZizro	-	-	-	-	123	137	137	-	-	-	-	83	83	85	78	78	44	46	-	-	-
ZySo	4	5	3	3	3	2	2	4	3	2	2	2	2	2	2	2	2	2	2	-	-
ZyiAnOl	-	-	-	-	-	-	-	-	-	-	-	-	-	-	-	-	-	27	-	-	-
ZyŻu	-	-	-	-	-	-	-	-	-	-	-	59	59	-	-	-	-	-	-	-	-
ŁuNo	-	-	-	-	-	-	-	-	-	-	-	-	-	-	-	-	-	-	-	-	8
ŁuWe	-	-	-	-	-	-	-	-	-	-	-	73	73	66	79	79	70	83	87	98	97
